Vivado Simulator v2023.1
Copyright 1986-2022 Xilinx, Inc. All Rights Reserved.
Copyright 2022-2023 Advanced Micro Devices, Inc. All Rights Reserved.
Running: /tools/Xilinx/Vivado/2023.1/bin/unwrapped/lnx64.o/xelab --incr --debug typical --relax --mt 8 -L xil_defaultlib -L blk_mem_gen_v8_4_6 -L unisims_ver -L unimacro_ver -L secureip -L xpm --snapshot tb_FFT_Stage1_to_2_behav xil_defaultlib.tb_FFT_Stage1_to_2 xil_defaultlib.glbl -log elaborate.log 
Using 8 slave threads.
Starting static elaboration
Pass Through NonSizing Optimizer
WARNING: [VRFC 10-3091] actual bit length 18 differs from formal bit length 36 for port 'out0' [/home/dell/Desktop/projects/20cred/FFTaccelerator/FFTproject/FFTproject.srcs/sim_1/new/tb_stage1.v:29]
WARNING: [VRFC 10-3091] actual bit length 122 differs from formal bit length 120 for port 'douta' [/home/dell/Desktop/projects/20cred/FFTaccelerator/FFTproject/FFTproject.srcs/sources_1/new/stage1.v:107]
Completed static elaboration
Starting simulation data flow analysis
Completed simulation data flow analysis
Time Resolution for simulation is 1ps
Compiling module blk_mem_gen_v8_4_6.blk_mem_gen_v8_4_6_output_stage(...
Compiling module blk_mem_gen_v8_4_6.blk_mem_gen_v8_4_6_output_stage(...
Compiling module blk_mem_gen_v8_4_6.blk_mem_gen_v8_4_6_softecc_outpu...
Compiling module blk_mem_gen_v8_4_6.blk_mem_gen_v8_4_6_mem_module(C_...
Compiling module blk_mem_gen_v8_4_6.blk_mem_gen_v8_4_6(C_FAMILY="art...
Compiling module xil_defaultlib.Wstage1
Compiling module xil_defaultlib.fixed_point_adder(FRAC_WIDTH=17)
Compiling module xil_defaultlib.fixed_point_adder(INT_WIDTH=2,FR...
Compiling module xil_defaultlib.fixed_point_multiplier(INT_WIDTH...
Compiling module xil_defaultlib.complexMult(FRAC_WIDTH=17)
Compiling module xil_defaultlib.BF4real_default
Compiling module blk_mem_gen_v8_4_6.blk_mem_gen_v8_4_6_output_stage(...
Compiling module blk_mem_gen_v8_4_6.blk_mem_gen_v8_4_6_output_stage(...
Compiling module blk_mem_gen_v8_4_6.blk_mem_gen_v8_4_6_softecc_outpu...
Compiling module blk_mem_gen_v8_4_6.blk_mem_gen_v8_4_6_mem_module(C_...
Compiling module blk_mem_gen_v8_4_6.blk_mem_axi_regs_fwd_v8_4(C_DATA...
Compiling module blk_mem_gen_v8_4_6.blk_mem_gen_v8_4_6(C_FAMILY="art...
Compiling module xil_defaultlib.BUFF1A
Compiling module blk_mem_gen_v8_4_6.blk_mem_gen_v8_4_6_output_stage(...
Compiling module blk_mem_gen_v8_4_6.blk_mem_gen_v8_4_6_output_stage(...
Compiling module blk_mem_gen_v8_4_6.blk_mem_gen_v8_4_6_softecc_outpu...
Compiling module blk_mem_gen_v8_4_6.blk_mem_gen_v8_4_6_mem_module(C_...
Compiling module blk_mem_gen_v8_4_6.blk_mem_gen_v8_4_6(C_FAMILY="art...
Compiling module xil_defaultlib.BUFF1B
Compiling module xil_defaultlib.FFT_Stage1_to_2_default
Compiling module xil_defaultlib.tb_FFT_Stage1_to_2
Compiling module xil_defaultlib.glbl
Built simulation snapshot tb_FFT_Stage1_to_2_behav
